[90m2023-11-10T10:28:39.540Z[39m [96mINFO[39m [97m@wdio/browserstack-service[39m app is not defined in browserstack-service config, skipping ...
[90m2023-11-10T10:28:39.541Z[39m [32mDEBUG[39m [97m@wdio/browserstack-service[39m Sending launch start event
[90m2023-11-10T10:28:40.262Z[39m [32mDEBUG[39m [97m@wdio/browserstack-service[39m [Start_Build] Success response: {"build_hashed_id":"lwvzaeagykayctlqnwd0b6uc5a3pdfeqjksfpy41","jwt":"eyJhbGciOiJIUzI1NiJ9.eyJpc3MiOiJicm93c2Vyc3RhY2tfb2IiLCJzdWIiOiI3NzM0NjgxIiwiZ3JvdXBfaWQiOjU2Mjc1NTIsInVzZXJfaWQiOjc3MzQ2ODEsImJ1aWxkX2hhc2hlZF9pZCI6Imx3dnphZWFneWtheWN0bHFud2QwYjZ1YzVhM3BkZmVxamtzZnB5NDEiLCJob29rX2FzX3Rlc3QiOiIxIiwiaWF0IjoxNjk5NjEyMTIwLCJleHAiOjE2OTk5NTc3MjB9.gCbiXm2YHrPe1H2UY56YzJ90a9eIWY98fNvAF4brJB0","allow_screenshots":true}
[90m2023-11-10T10:28:40.262Z[39m [96mINFO[39m [97m@wdio/browserstack-service[39m browserstackLocal is not enabled - skipping...
[90m2023-11-10T10:29:08.215Z[39m [32mDEBUG[39m [97m@wdio/browserstack-service[39m Requesting Browserstack session URL at https://api-cloud.browserstack.com/app-automate/sessions/5a24541a64e3354c5f2288e8cb7d28ea1f38d9d6.json
[90m2023-11-10T10:29:08.726Z[39m [96mINFO[39m [97m@wdio/browserstack-service[39m  session: https://app-automate.browserstack.com/builds/32aedbb6b4ac3031dc90b453b3140eb0bbaed3ea/sessions/5a24541a64e3354c5f2288e8cb7d28ea1f38d9d6
[90m2023-11-10T10:29:08.735Z[39m [96mINFO[39m [97m@wdio/browserstack-service[39m Update job with sessionId 5a24541a64e3354c5f2288e8cb7d28ea1f38d9d6
[90m2023-11-10T10:29:08.736Z[39m [32mDEBUG[39m [97m@wdio/browserstack-service[39m Updating Browserstack session at https://api-cloud.browserstack.com/app-automate/sessions/5a24541a64e3354c5f2288e8cb7d28ea1f38d9d6.json with request body: 
[90m2023-11-10T10:29:09.141Z[39m [32mDEBUG[39m [97m@wdio/browserstack-service[39m Added data to request queue. Queue length = 1
[90m2023-11-10T10:29:10.141Z[39m [32mDEBUG[39m [97m@wdio/browserstack-service[39m Sending data from request queue. Data length = 1, Queue length after removal = 0
[90m2023-11-10T10:29:10.669Z[39m [32mDEBUG[39m [97m@wdio/browserstack-service[39m [INTERVAL_QUEUE] Success response: {"success":true}
[90m2023-11-10T10:29:16.154Z[39m [32mDEBUG[39m [97m@wdio/browserstack-service[39m Added data to request queue. Queue length = 1
[90m2023-11-10T10:29:16.155Z[39m [96mINFO[39m [97m@wdio/browserstack-service[39m Update job with sessionId 5a24541a64e3354c5f2288e8cb7d28ea1f38d9d6
[90m2023-11-10T10:29:16.155Z[39m [32mDEBUG[39m [97m@wdio/browserstack-service[39m Updating Browserstack session at https://api-cloud.browserstack.com/app-automate/sessions/5a24541a64e3354c5f2288e8cb7d28ea1f38d9d6.json with request body: 
[90m2023-11-10T10:29:16.159Z[39m [32mDEBUG[39m [97m@wdio/browserstack-service[39m Sending data from request queue. Data length = 1, Queue length after removal = 0
[90m2023-11-10T10:29:16.295Z[39m [32mDEBUG[39m [97m@wdio/browserstack-service[39m [INTERVAL_QUEUE] Success response: {"success":true}
[90m2023-11-10T10:29:16.636Z[39m [32mDEBUG[39m [97m@wdio/browserstack-service[39m Added data to request queue. Queue length = 1
[90m2023-11-10T10:29:16.912Z[39m [32mDEBUG[39m [97m@wdio/browserstack-service[39m Added data to request queue. Queue length = 2
[90m2023-11-10T10:29:17.034Z[39m [32mDEBUG[39m [97m@wdio/browserstack-service[39m Added data to request queue. Queue length = 3
[90m2023-11-10T10:29:17.035Z[39m [32mDEBUG[39m [97m@wdio/browserstack-service[39m Added data to request queue. Queue length = 4
[90m2023-11-10T10:29:17.231Z[39m [32mDEBUG[39m [97m@wdio/browserstack-service[39m Added data to request queue. Queue length = 5
[90m2023-11-10T10:29:17.420Z[39m [32mDEBUG[39m [97m@wdio/browserstack-service[39m Added data to request queue. Queue length = 6
[90m2023-11-10T10:29:17.432Z[39m [32mDEBUG[39m [97m@wdio/browserstack-service[39m Added data to request queue. Queue length = 7
[90m2023-11-10T10:29:17.439Z[39m [32mDEBUG[39m [97m@wdio/browserstack-service[39m Added data to request queue. Queue length = 8
[90m2023-11-10T10:29:17.445Z[39m [32mDEBUG[39m [97m@wdio/browserstack-service[39m Added data to request queue. Queue length = 9
[90m2023-11-10T10:29:18.168Z[39m [32mDEBUG[39m [97m@wdio/browserstack-service[39m Sending data from request queue. Data length = 9, Queue length after removal = 0
[90m2023-11-10T10:29:18.305Z[39m [32mDEBUG[39m [97m@wdio/browserstack-service[39m [INTERVAL_QUEUE] Success response: {"success":true}
[90m2023-11-10T10:29:24.458Z[39m [32mDEBUG[39m [97m@wdio/browserstack-service[39m Added data to request queue. Queue length = 1
[90m2023-11-10T10:29:24.459Z[39m [96mINFO[39m [97m@wdio/browserstack-service[39m Update job with sessionId 5a24541a64e3354c5f2288e8cb7d28ea1f38d9d6
[90m2023-11-10T10:29:24.459Z[39m [32mDEBUG[39m [97m@wdio/browserstack-service[39m Updating Browserstack session at https://api-cloud.browserstack.com/app-automate/sessions/5a24541a64e3354c5f2288e8cb7d28ea1f38d9d6.json with request body: 
[90m2023-11-10T10:29:25.176Z[39m [32mDEBUG[39m [97m@wdio/browserstack-service[39m Added data to request queue. Queue length = 2
[90m2023-11-10T10:29:25.370Z[39m [32mDEBUG[39m [97m@wdio/browserstack-service[39m Added data to request queue. Queue length = 3
[90m2023-11-10T10:29:25.468Z[39m [32mDEBUG[39m [97m@wdio/browserstack-service[39m Added data to request queue. Queue length = 4
[90m2023-11-10T10:29:25.471Z[39m [32mDEBUG[39m [97m@wdio/browserstack-service[39m Added data to request queue. Queue length = 5
[90m2023-11-10T10:29:25.473Z[39m [32mDEBUG[39m [97m@wdio/browserstack-service[39m Added data to request queue. Queue length = 6
[90m2023-11-10T10:29:26.186Z[39m [32mDEBUG[39m [97m@wdio/browserstack-service[39m Sending data from request queue. Data length = 6, Queue length after removal = 0
[90m2023-11-10T10:29:26.323Z[39m [32mDEBUG[39m [97m@wdio/browserstack-service[39m [INTERVAL_QUEUE] Success response: {"success":true}
[90m2023-11-10T10:29:32.489Z[39m [32mDEBUG[39m [97m@wdio/browserstack-service[39m Added data to request queue. Queue length = 1
[90m2023-11-10T10:29:32.490Z[39m [96mINFO[39m [97m@wdio/browserstack-service[39m Update job with sessionId 5a24541a64e3354c5f2288e8cb7d28ea1f38d9d6
[90m2023-11-10T10:29:32.490Z[39m [32mDEBUG[39m [97m@wdio/browserstack-service[39m Updating Browserstack session at https://api-cloud.browserstack.com/app-automate/sessions/5a24541a64e3354c5f2288e8cb7d28ea1f38d9d6.json with request body: 
[90m2023-11-10T10:29:32.934Z[39m [32mDEBUG[39m [97m@wdio/browserstack-service[39m Added data to request queue. Queue length = 2
[90m2023-11-10T10:29:33.083Z[39m [32mDEBUG[39m [97m@wdio/browserstack-service[39m Added data to request queue. Queue length = 3
[90m2023-11-10T10:29:33.175Z[39m [32mDEBUG[39m [97m@wdio/browserstack-service[39m Added data to request queue. Queue length = 4
[90m2023-11-10T10:29:33.175Z[39m [32mDEBUG[39m [97m@wdio/browserstack-service[39m Added data to request queue. Queue length = 5
[90m2023-11-10T10:29:33.177Z[39m [32mDEBUG[39m [97m@wdio/browserstack-service[39m Added data to request queue. Queue length = 6
[90m2023-11-10T10:29:34.212Z[39m [32mDEBUG[39m [97m@wdio/browserstack-service[39m Sending data from request queue. Data length = 6, Queue length after removal = 0
[90m2023-11-10T10:29:34.351Z[39m [32mDEBUG[39m [97m@wdio/browserstack-service[39m [INTERVAL_QUEUE] Success response: {"success":true}
[90m2023-11-10T10:29:40.187Z[39m [32mDEBUG[39m [97m@wdio/browserstack-service[39m Added data to request queue. Queue length = 1
[90m2023-11-10T10:29:40.188Z[39m [96mINFO[39m [97m@wdio/browserstack-service[39m Update job with sessionId 5a24541a64e3354c5f2288e8cb7d28ea1f38d9d6
[90m2023-11-10T10:29:40.188Z[39m [32mDEBUG[39m [97m@wdio/browserstack-service[39m Updating Browserstack session at https://api-cloud.browserstack.com/app-automate/sessions/5a24541a64e3354c5f2288e8cb7d28ea1f38d9d6.json with request body: 
[90m2023-11-10T10:29:40.248Z[39m [32mDEBUG[39m [97m@wdio/browserstack-service[39m Sending data from request queue. Data length = 1, Queue length after removal = 0
[90m2023-11-10T10:29:40.386Z[39m [32mDEBUG[39m [97m@wdio/browserstack-service[39m [INTERVAL_QUEUE] Success response: {"success":true}
[90m2023-11-10T10:29:40.641Z[39m [32mDEBUG[39m [97m@wdio/browserstack-service[39m Added data to request queue. Queue length = 1
[90m2023-11-10T10:29:42.259Z[39m [32mDEBUG[39m [97m@wdio/browserstack-service[39m Sending data from request queue. Data length = 1, Queue length after removal = 0
[90m2023-11-10T10:29:42.396Z[39m [32mDEBUG[39m [97m@wdio/browserstack-service[39m [INTERVAL_QUEUE] Success response: {"success":true}
[90m2023-11-10T10:29:42.964Z[39m [32mDEBUG[39m [97m@wdio/browserstack-service[39m Added data to request queue. Queue length = 1
[90m2023-11-10T10:29:44.172Z[39m [32mDEBUG[39m [97m@wdio/browserstack-service[39m Added data to request queue. Queue length = 2
[90m2023-11-10T10:29:44.262Z[39m [32mDEBUG[39m [97m@wdio/browserstack-service[39m Sending data from request queue. Data length = 2, Queue length after removal = 0
[90m2023-11-10T10:29:44.289Z[39m [32mDEBUG[39m [97m@wdio/browserstack-service[39m Added data to request queue. Queue length = 1
[90m2023-11-10T10:29:44.290Z[39m [32mDEBUG[39m [97m@wdio/browserstack-service[39m Added data to request queue. Queue length = 2
[90m2023-11-10T10:29:44.402Z[39m [32mDEBUG[39m [97m@wdio/browserstack-service[39m [INTERVAL_QUEUE] Success response: {"success":true}
[90m2023-11-10T10:29:44.457Z[39m [32mDEBUG[39m [97m@wdio/browserstack-service[39m Added data to request queue. Queue length = 3
[90m2023-11-10T10:29:44.639Z[39m [32mDEBUG[39m [97m@wdio/browserstack-service[39m Added data to request queue. Queue length = 4
[90m2023-11-10T10:29:44.648Z[39m [32mDEBUG[39m [97m@wdio/browserstack-service[39m Added data to request queue. Queue length = 5
[90m2023-11-10T10:29:44.648Z[39m [32mDEBUG[39m [97m@wdio/browserstack-service[39m Added data to request queue. Queue length = 6
[90m2023-11-10T10:29:44.650Z[39m [32mDEBUG[39m [97m@wdio/browserstack-service[39m Added data to request queue. Queue length = 7
[90m2023-11-10T10:29:46.272Z[39m [32mDEBUG[39m [97m@wdio/browserstack-service[39m Sending data from request queue. Data length = 7, Queue length after removal = 0
[90m2023-11-10T10:29:46.413Z[39m [32mDEBUG[39m [97m@wdio/browserstack-service[39m [INTERVAL_QUEUE] Success response: {"success":true}
[90m2023-11-10T10:29:51.662Z[39m [32mDEBUG[39m [97m@wdio/browserstack-service[39m Added data to request queue. Queue length = 1
[90m2023-11-10T10:29:51.662Z[39m [96mINFO[39m [97m@wdio/browserstack-service[39m Update job with sessionId 5a24541a64e3354c5f2288e8cb7d28ea1f38d9d6
[90m2023-11-10T10:29:51.663Z[39m [32mDEBUG[39m [97m@wdio/browserstack-service[39m Updating Browserstack session at https://api-cloud.browserstack.com/app-automate/sessions/5a24541a64e3354c5f2288e8cb7d28ea1f38d9d6.json with request body: 
[90m2023-11-10T10:29:52.111Z[39m [32mDEBUG[39m [97m@wdio/browserstack-service[39m Added data to request queue. Queue length = 2
[90m2023-11-10T10:29:52.269Z[39m [32mDEBUG[39m [97m@wdio/browserstack-service[39m Added data to request queue. Queue length = 3
[90m2023-11-10T10:29:52.280Z[39m [32mDEBUG[39m [97m@wdio/browserstack-service[39m Sending data from request queue. Data length = 3, Queue length after removal = 0
[90m2023-11-10T10:29:52.362Z[39m [32mDEBUG[39m [97m@wdio/browserstack-service[39m Added data to request queue. Queue length = 1
[90m2023-11-10T10:29:52.362Z[39m [32mDEBUG[39m [97m@wdio/browserstack-service[39m Added data to request queue. Queue length = 2
[90m2023-11-10T10:29:52.363Z[39m [32mDEBUG[39m [97m@wdio/browserstack-service[39m Added data to request queue. Queue length = 3
[90m2023-11-10T10:29:52.414Z[39m [32mDEBUG[39m [97m@wdio/browserstack-service[39m [INTERVAL_QUEUE] Success response: {"success":true}
[90m2023-11-10T10:29:54.288Z[39m [32mDEBUG[39m [97m@wdio/browserstack-service[39m Sending data from request queue. Data length = 3, Queue length after removal = 0
[90m2023-11-10T10:29:54.431Z[39m [32mDEBUG[39m [97m@wdio/browserstack-service[39m [INTERVAL_QUEUE] Success response: {"success":true}
[90m2023-11-10T10:29:59.374Z[39m [32mDEBUG[39m [97m@wdio/browserstack-service[39m Added data to request queue. Queue length = 1
[90m2023-11-10T10:29:59.375Z[39m [96mINFO[39m [97m@wdio/browserstack-service[39m Update job with sessionId 5a24541a64e3354c5f2288e8cb7d28ea1f38d9d6
[90m2023-11-10T10:29:59.375Z[39m [32mDEBUG[39m [97m@wdio/browserstack-service[39m Updating Browserstack session at https://api-cloud.browserstack.com/app-automate/sessions/5a24541a64e3354c5f2288e8cb7d28ea1f38d9d6.json with request body: 
[90m2023-11-10T10:29:59.873Z[39m [32mDEBUG[39m [97m@wdio/browserstack-service[39m Added data to request queue. Queue length = 2
[90m2023-11-10T10:30:00.038Z[39m [32mDEBUG[39m [97m@wdio/browserstack-service[39m Added data to request queue. Queue length = 3
[90m2023-11-10T10:30:00.137Z[39m [32mDEBUG[39m [97m@wdio/browserstack-service[39m Added data to request queue. Queue length = 4
[90m2023-11-10T10:30:00.137Z[39m [32mDEBUG[39m [97m@wdio/browserstack-service[39m Added data to request queue. Queue length = 5
[90m2023-11-10T10:30:00.138Z[39m [32mDEBUG[39m [97m@wdio/browserstack-service[39m Added data to request queue. Queue length = 6
[90m2023-11-10T10:30:00.319Z[39m [32mDEBUG[39m [97m@wdio/browserstack-service[39m Sending data from request queue. Data length = 6, Queue length after removal = 0
[90m2023-11-10T10:30:00.460Z[39m [32mDEBUG[39m [97m@wdio/browserstack-service[39m [INTERVAL_QUEUE] Success response: {"success":true}
[90m2023-11-10T10:30:07.145Z[39m [32mDEBUG[39m [97m@wdio/browserstack-service[39m Added data to request queue. Queue length = 1
[90m2023-11-10T10:30:07.145Z[39m [96mINFO[39m [97m@wdio/browserstack-service[39m Update job with sessionId 5a24541a64e3354c5f2288e8cb7d28ea1f38d9d6
[90m2023-11-10T10:30:07.145Z[39m [32mDEBUG[39m [97m@wdio/browserstack-service[39m Updating Browserstack session at https://api-cloud.browserstack.com/app-automate/sessions/5a24541a64e3354c5f2288e8cb7d28ea1f38d9d6.json with request body: 
[90m2023-11-10T10:30:07.603Z[39m [32mDEBUG[39m [97m@wdio/browserstack-service[39m Added data to request queue. Queue length = 2
[90m2023-11-10T10:30:08.352Z[39m [32mDEBUG[39m [97m@wdio/browserstack-service[39m Sending data from request queue. Data length = 2, Queue length after removal = 0
[90m2023-11-10T10:30:08.488Z[39m [32mDEBUG[39m [97m@wdio/browserstack-service[39m [INTERVAL_QUEUE] Success response: {"success":true}
[90m2023-11-10T10:30:09.873Z[39m [32mDEBUG[39m [97m@wdio/browserstack-service[39m Added data to request queue. Queue length = 1
[90m2023-11-10T10:30:10.355Z[39m [32mDEBUG[39m [97m@wdio/browserstack-service[39m Sending data from request queue. Data length = 1, Queue length after removal = 0
[90m2023-11-10T10:30:10.493Z[39m [32mDEBUG[39m [97m@wdio/browserstack-service[39m [INTERVAL_QUEUE] Success response: {"success":true}
[90m2023-11-10T10:30:11.053Z[39m [32mDEBUG[39m [97m@wdio/browserstack-service[39m Added data to request queue. Queue length = 1
[90m2023-11-10T10:30:11.165Z[39m [32mDEBUG[39m [97m@wdio/browserstack-service[39m Added data to request queue. Queue length = 2
[90m2023-11-10T10:30:11.165Z[39m [32mDEBUG[39m [97m@wdio/browserstack-service[39m Added data to request queue. Queue length = 3
[90m2023-11-10T10:30:11.330Z[39m [32mDEBUG[39m [97m@wdio/browserstack-service[39m Added data to request queue. Queue length = 4
[90m2023-11-10T10:30:11.592Z[39m [32mDEBUG[39m [97m@wdio/browserstack-service[39m Added data to request queue. Queue length = 5
[90m2023-11-10T10:30:11.600Z[39m [32mDEBUG[39m [97m@wdio/browserstack-service[39m Added data to request queue. Queue length = 6
[90m2023-11-10T10:30:11.601Z[39m [32mDEBUG[39m [97m@wdio/browserstack-service[39m Added data to request queue. Queue length = 7
[90m2023-11-10T10:30:11.602Z[39m [32mDEBUG[39m [97m@wdio/browserstack-service[39m Added data to request queue. Queue length = 8
[90m2023-11-10T10:30:12.361Z[39m [32mDEBUG[39m [97m@wdio/browserstack-service[39m Sending data from request queue. Data length = 8, Queue length after removal = 0
[90m2023-11-10T10:30:12.500Z[39m [32mDEBUG[39m [97m@wdio/browserstack-service[39m [INTERVAL_QUEUE] Success response: {"success":true}
[90m2023-11-10T10:30:18.617Z[39m [32mDEBUG[39m [97m@wdio/browserstack-service[39m Added data to request queue. Queue length = 1
[90m2023-11-10T10:30:18.618Z[39m [96mINFO[39m [97m@wdio/browserstack-service[39m Update job with sessionId 5a24541a64e3354c5f2288e8cb7d28ea1f38d9d6
[90m2023-11-10T10:30:18.618Z[39m [32mDEBUG[39m [97m@wdio/browserstack-service[39m Updating Browserstack session at https://api-cloud.browserstack.com/app-automate/sessions/5a24541a64e3354c5f2288e8cb7d28ea1f38d9d6.json with request body: 
[90m2023-11-10T10:30:19.257Z[39m [32mDEBUG[39m [97m@wdio/browserstack-service[39m Added data to request queue. Queue length = 2
[90m2023-11-10T10:30:19.425Z[39m [32mDEBUG[39m [97m@wdio/browserstack-service[39m Added data to request queue. Queue length = 3
[90m2023-11-10T10:30:19.531Z[39m [32mDEBUG[39m [97m@wdio/browserstack-service[39m Added data to request queue. Queue length = 4
[90m2023-11-10T10:30:19.532Z[39m [32mDEBUG[39m [97m@wdio/browserstack-service[39m Added data to request queue. Queue length = 5
[90m2023-11-10T10:30:19.535Z[39m [32mDEBUG[39m [97m@wdio/browserstack-service[39m Added data to request queue. Queue length = 6
[90m2023-11-10T10:30:20.388Z[39m [32mDEBUG[39m [97m@wdio/browserstack-service[39m Sending data from request queue. Data length = 6, Queue length after removal = 0
[90m2023-11-10T10:30:20.526Z[39m [32mDEBUG[39m [97m@wdio/browserstack-service[39m [INTERVAL_QUEUE] Success response: {"success":true}
[90m2023-11-10T10:30:26.539Z[39m [32mDEBUG[39m [97m@wdio/browserstack-service[39m Added data to request queue. Queue length = 1
[90m2023-11-10T10:30:26.539Z[39m [96mINFO[39m [97m@wdio/browserstack-service[39m Update job with sessionId 5a24541a64e3354c5f2288e8cb7d28ea1f38d9d6
[90m2023-11-10T10:30:26.539Z[39m [32mDEBUG[39m [97m@wdio/browserstack-service[39m Updating Browserstack session at https://api-cloud.browserstack.com/app-automate/sessions/5a24541a64e3354c5f2288e8cb7d28ea1f38d9d6.json with request body: 
[90m2023-11-10T10:30:26.987Z[39m [32mDEBUG[39m [97m@wdio/browserstack-service[39m Added data to request queue. Queue length = 2
[90m2023-11-10T10:30:27.152Z[39m [32mDEBUG[39m [97m@wdio/browserstack-service[39m Added data to request queue. Queue length = 3
[90m2023-11-10T10:30:27.266Z[39m [32mDEBUG[39m [97m@wdio/browserstack-service[39m Added data to request queue. Queue length = 4
[90m2023-11-10T10:30:27.267Z[39m [32mDEBUG[39m [97m@wdio/browserstack-service[39m Added data to request queue. Queue length = 5
[90m2023-11-10T10:30:27.269Z[39m [32mDEBUG[39m [97m@wdio/browserstack-service[39m Added data to request queue. Queue length = 6
[90m2023-11-10T10:30:28.401Z[39m [32mDEBUG[39m [97m@wdio/browserstack-service[39m Sending data from request queue. Data length = 6, Queue length after removal = 0
[90m2023-11-10T10:30:28.537Z[39m [32mDEBUG[39m [97m@wdio/browserstack-service[39m [INTERVAL_QUEUE] Success response: {"success":true}
[90m2023-11-10T10:30:34.278Z[39m [32mDEBUG[39m [97m@wdio/browserstack-service[39m Added data to request queue. Queue length = 1
[90m2023-11-10T10:30:34.278Z[39m [96mINFO[39m [97m@wdio/browserstack-service[39m Update job with sessionId 5a24541a64e3354c5f2288e8cb7d28ea1f38d9d6
[90m2023-11-10T10:30:34.279Z[39m [32mDEBUG[39m [97m@wdio/browserstack-service[39m Updating Browserstack session at https://api-cloud.browserstack.com/app-automate/sessions/5a24541a64e3354c5f2288e8cb7d28ea1f38d9d6.json with request body: 
[90m2023-11-10T10:30:34.432Z[39m [32mDEBUG[39m [97m@wdio/browserstack-service[39m Sending data from request queue. Data length = 1, Queue length after removal = 0
[90m2023-11-10T10:30:34.569Z[39m [32mDEBUG[39m [97m@wdio/browserstack-service[39m [INTERVAL_QUEUE] Success response: {"success":true}
[90m2023-11-10T10:30:34.728Z[39m [32mDEBUG[39m [97m@wdio/browserstack-service[39m Added data to request queue. Queue length = 1
[90m2023-11-10T10:30:36.436Z[39m [32mDEBUG[39m [97m@wdio/browserstack-service[39m Sending data from request queue. Data length = 1, Queue length after removal = 0
[90m2023-11-10T10:30:36.574Z[39m [32mDEBUG[39m [97m@wdio/browserstack-service[39m [INTERVAL_QUEUE] Success response: {"success":true}
[90m2023-11-10T10:30:36.896Z[39m [32mDEBUG[39m [97m@wdio/browserstack-service[39m Added data to request queue. Queue length = 1
[90m2023-11-10T10:30:38.070Z[39m [32mDEBUG[39m [97m@wdio/browserstack-service[39m Added data to request queue. Queue length = 2
[90m2023-11-10T10:30:38.215Z[39m [32mDEBUG[39m [97m@wdio/browserstack-service[39m Added data to request queue. Queue length = 3
[90m2023-11-10T10:30:38.226Z[39m [32mDEBUG[39m [97m@wdio/browserstack-service[39m Added data to request queue. Queue length = 4
[90m2023-11-10T10:30:38.355Z[39m [32mDEBUG[39m [97m@wdio/browserstack-service[39m Added data to request queue. Queue length = 5
[90m2023-11-10T10:30:38.437Z[39m [32mDEBUG[39m [97m@wdio/browserstack-service[39m Sending data from request queue. Data length = 5, Queue length after removal = 0
[90m2023-11-10T10:30:38.478Z[39m [32mDEBUG[39m [97m@wdio/browserstack-service[39m Added data to request queue. Queue length = 1
[90m2023-11-10T10:30:38.479Z[39m [32mDEBUG[39m [97m@wdio/browserstack-service[39m Added data to request queue. Queue length = 2
[90m2023-11-10T10:30:38.480Z[39m [32mDEBUG[39m [97m@wdio/browserstack-service[39m Added data to request queue. Queue length = 3
[90m2023-11-10T10:30:38.485Z[39m [32mDEBUG[39m [97m@wdio/browserstack-service[39m Added data to request queue. Queue length = 4
[90m2023-11-10T10:30:38.573Z[39m [32mDEBUG[39m [97m@wdio/browserstack-service[39m [INTERVAL_QUEUE] Success response: {"success":true}
[90m2023-11-10T10:30:40.451Z[39m [32mDEBUG[39m [97m@wdio/browserstack-service[39m Sending data from request queue. Data length = 4, Queue length after removal = 0
[90m2023-11-10T10:30:40.586Z[39m [32mDEBUG[39m [97m@wdio/browserstack-service[39m [INTERVAL_QUEUE] Success response: {"success":true}
[90m2023-11-10T10:30:45.489Z[39m [32mDEBUG[39m [97m@wdio/browserstack-service[39m Added data to request queue. Queue length = 1
[90m2023-11-10T10:30:45.490Z[39m [96mINFO[39m [97m@wdio/browserstack-service[39m Update job with sessionId 5a24541a64e3354c5f2288e8cb7d28ea1f38d9d6
[90m2023-11-10T10:30:45.490Z[39m [32mDEBUG[39m [97m@wdio/browserstack-service[39m Updating Browserstack session at https://api-cloud.browserstack.com/app-automate/sessions/5a24541a64e3354c5f2288e8cb7d28ea1f38d9d6.json with request body: 
[90m2023-11-10T10:30:45.906Z[39m [32mDEBUG[39m [97m@wdio/browserstack-service[39m Added data to request queue. Queue length = 2
[90m2023-11-10T10:30:46.092Z[39m [32mDEBUG[39m [97m@wdio/browserstack-service[39m Added data to request queue. Queue length = 3
[90m2023-11-10T10:30:46.215Z[39m [32mDEBUG[39m [97m@wdio/browserstack-service[39m Added data to request queue. Queue length = 4
[90m2023-11-10T10:30:46.215Z[39m [32mDEBUG[39m [97m@wdio/browserstack-service[39m Added data to request queue. Queue length = 5
[90m2023-11-10T10:30:46.216Z[39m [32mDEBUG[39m [97m@wdio/browserstack-service[39m Added data to request queue. Queue length = 6
[90m2023-11-10T10:30:46.468Z[39m [32mDEBUG[39m [97m@wdio/browserstack-service[39m Sending data from request queue. Data length = 6, Queue length after removal = 0
[90m2023-11-10T10:30:46.604Z[39m [32mDEBUG[39m [97m@wdio/browserstack-service[39m [INTERVAL_QUEUE] Success response: {"success":true}
[90m2023-11-10T10:30:53.220Z[39m [32mDEBUG[39m [97m@wdio/browserstack-service[39m Added data to request queue. Queue length = 1
[90m2023-11-10T10:30:53.220Z[39m [96mINFO[39m [97m@wdio/browserstack-service[39m Update job with sessionId 5a24541a64e3354c5f2288e8cb7d28ea1f38d9d6
[90m2023-11-10T10:30:53.221Z[39m [32mDEBUG[39m [97m@wdio/browserstack-service[39m Updating Browserstack session at https://api-cloud.browserstack.com/app-automate/sessions/5a24541a64e3354c5f2288e8cb7d28ea1f38d9d6.json with request body: 
[90m2023-11-10T10:30:53.636Z[39m [32mDEBUG[39m [97m@wdio/browserstack-service[39m Added data to request queue. Queue length = 2
[90m2023-11-10T10:30:53.784Z[39m [32mDEBUG[39m [97m@wdio/browserstack-service[39m Added data to request queue. Queue length = 3
[90m2023-11-10T10:30:53.880Z[39m [32mDEBUG[39m [97m@wdio/browserstack-service[39m Added data to request queue. Queue length = 4
[90m2023-11-10T10:30:53.881Z[39m [32mDEBUG[39m [97m@wdio/browserstack-service[39m Added data to request queue. Queue length = 5
[90m2023-11-10T10:30:53.883Z[39m [96mINFO[39m [97m@wdio/browserstack-service[39m Update job with sessionId 5a24541a64e3354c5f2288e8cb7d28ea1f38d9d6
[90m2023-11-10T10:30:53.884Z[39m [32mDEBUG[39m [97m@wdio/browserstack-service[39m Updating Browserstack session at https://api-cloud.browserstack.com/app-automate/sessions/5a24541a64e3354c5f2288e8cb7d28ea1f38d9d6.json with request body: 
[90m2023-11-10T10:30:54.286Z[39m [32mDEBUG[39m [97m@wdio/browserstack-service[39m Shutting down request queue
[90m2023-11-10T10:30:54.422Z[39m [32mDEBUG[39m [97m@wdio/browserstack-service[39m [SHUTDOWN_QUEUE] Success response: {"success":true}
[90m2023-11-10T10:30:55.115Z[39m [32mDEBUG[39m [97m@wdio/browserstack-service[39m Added data to request queue. Queue length = 1
[90m2023-11-10T10:30:55.275Z[39m [32mDEBUG[39m [97m@wdio/browserstack-service[39m Inside OnComplete hook..
[90m2023-11-10T10:30:55.275Z[39m [32mDEBUG[39m [97m@wdio/browserstack-service[39m Sending stop launch event
[90m2023-11-10T10:30:55.818Z[39m [32mDEBUG[39m [97m@wdio/browserstack-service[39m [STOP_BUILD] Success response: ""
[90m2023-11-10T10:30:56.633Z[39m [32mDEBUG[39m [97m@wdio/browserstack-service[39m Response - {
  status: 'success',
  message: 'Logs upload successful in file - logs.gz'
}
